Release 14.7 - ngc2edif P.20131013 (nt)
Copyright (c) 1995-2013 Xilinx, Inc.  All rights reserved.
Reading design system.ngc ...
WARNING:NetListWriters:298 - No output is written to system.xncf, ignored.
Processing design ...
   Preping design's networks ...
   Preping design's macros ...
WARNING:NetListWriters:306 - Signal bus axi4lite_0_M_AWADDR<95 : 0> on block
   system is not reconstructed, because there are some missing bus signals.
WARNING:NetListWriters:306 - Signal bus axi4lite_0_M_ARADDR<95 : 0> on block
   system is not reconstructed, because there are some missing bus signals.
  finished :Prep
Writing EDIF netlist file system.edif ...
ngc2edif: Total memory usage is 64668 kilobytes

Release 14.7 - ngc2edif P.20131013 (nt)
Copyright (c) 1995-2013 Xilinx, Inc.  All rights reserved.
Reading design system_processing_system7_0_wrapper.ngc ...
WARNING:NetListWriters:298 - No output is written to
   system_processing_system7_0_wrapper.xncf, ignored.
Processing design ...
   Preping design's networks ...
   Preping design's macros ...
  finished :Prep
Writing EDIF netlist file system_processing_system7_0_wrapper.edif ...
ngc2edif: Total memory usage is 65180 kilobytes

Release 14.7 - ngc2edif P.20131013 (nt)
Copyright (c) 1995-2013 Xilinx, Inc.  All rights reserved.
Reading design system_axi4lite_0_wrapper.ngc ...
WARNING:NetListWriters:298 - No output is written to
   system_axi4lite_0_wrapper.xncf, ignored.
Processing design ...
   Preping design's networks ...
   Preping design's macros ...
WARNING:NetListWriters:306 - Signal bus
   axi4lite_0/crossbar_samd/gen_sasd.crossbar_sasd_0/gen_crossbar.addr_arbiter_i
   nst/m_amesg_i[65 : 0] on block system_axi4lite_0_wrapper is not
   reconstructed, because there are some missing bus signals.
WARNING:NetListWriters:306 - Signal bus
   axi4lite_0/crossbar_samd/gen_sasd.crossbar_sasd_0/gen_crossbar.addr_arbiter_i
   nst/s_amesg[65 : 0] on block system_axi4lite_0_wrapper is not reconstructed,
   because there are some missing bus signals.
  finished :Prep
Writing EDIF netlist file system_axi4lite_0_wrapper.edif ...
ngc2edif: Total memory usage is 64540 kilobytes

Release 14.7 - ngc2edif P.20131013 (nt)
Copyright (c) 1995-2013 Xilinx, Inc.  All rights reserved.
Reading design system_leds_8bits_wrapper.ngc ...
WARNING:NetListWriters:298 - No output is written to
   system_leds_8bits_wrapper.xncf, ignored.
Processing design ...
   Preping design's networks ...
   Preping design's macros ...
  finished :Prep
Writing EDIF netlist file system_leds_8bits_wrapper.edif ...
ngc2edif: Total memory usage is 63580 kilobytes

Release 14.7 - ngc2edif P.20131013 (nt)
Copyright (c) 1995-2013 Xilinx, Inc.  All rights reserved.
Reading design system_btns_5bits_wrapper.ngc ...
WARNING:NetListWriters:298 - No output is written to
   system_btns_5bits_wrapper.xncf, ignored.
Processing design ...
   Preping design's networks ...
   Preping design's macros ...
WARNING:NetListWriters:306 - Signal bus BTNs_5Bits/bus2ip_addr<6 : 0> on block
   system_btns_5bits_wrapper is not reconstructed, because there are some
   missing bus signals.
  finished :Prep
Writing EDIF netlist file system_btns_5bits_wrapper.edif ...
ngc2edif: Total memory usage is 64092 kilobytes

Release 14.7 - ngc2edif P.20131013 (nt)
Copyright (c) 1995-2013 Xilinx, Inc.  All rights reserved.
Reading design system_bit_counter_ip_0_wrapper.ngc ...
WARNING:NetListWriters:298 - No output is written to
   system_bit_counter_ip_0_wrapper.xncf, ignored.
Processing design ...
   Preping design's networks ...
   Preping design's macros ...
  finished :Prep
Writing EDIF netlist file system_bit_counter_ip_0_wrapper.edif ...
ngc2edif: Total memory usage is 63772 kilobytes

Release 14.7 - ngc2edif P.20131013 (nt)
Copyright (c) 1995-2013 Xilinx, Inc.  All rights reserved.
Reading design prconfig.ngc ...
WARNING:NetListWriters:298 - No output is written to prconfig.xncf, ignored.
Processing design ...
   Preping design's networks ...
   Preping design's macros ...
  finished :Prep
Writing EDIF netlist file prconfig.edif ...
ngc2edif: Total memory usage is 63516 kilobytes

Release 14.7 - ngc2edif P.20131013 (nt)
Copyright (c) 1995-2013 Xilinx, Inc.  All rights reserved.
Reading design system.ngc ...
WARNING:NetListWriters:298 - No output is written to system.xncf, ignored.
Processing design ...
   Preping design's networks ...
   Preping design's macros ...
WARNING:NetListWriters:306 - Signal bus axi4lite_0_M_AWADDR<95 : 0> on block
   system is not reconstructed, because there are some missing bus signals.
WARNING:NetListWriters:306 - Signal bus axi4lite_0_M_ARADDR<95 : 0> on block
   system is not reconstructed, because there are some missing bus signals.
  finished :Prep
Writing EDIF netlist file system.edif ...
ngc2edif: Total memory usage is 64988 kilobytes

Release 14.7 - ngc2edif P.20131013 (nt)
Copyright (c) 1995-2013 Xilinx, Inc.  All rights reserved.
Reading design system_processing_system7_0_wrapper.ngc ...
WARNING:NetListWriters:298 - No output is written to
   system_processing_system7_0_wrapper.xncf, ignored.
Processing design ...
   Preping design's networks ...
   Preping design's macros ...
  finished :Prep
Writing EDIF netlist file system_processing_system7_0_wrapper.edif ...
ngc2edif: Total memory usage is 64924 kilobytes

Release 14.7 - ngc2edif P.20131013 (nt)
Copyright (c) 1995-2013 Xilinx, Inc.  All rights reserved.
Reading design system_axi4lite_0_wrapper.ngc ...
WARNING:NetListWriters:298 - No output is written to
   system_axi4lite_0_wrapper.xncf, ignored.
Processing design ...
   Preping design's networks ...
   Preping design's macros ...
WARNING:NetListWriters:306 - Signal bus
   axi4lite_0/crossbar_samd/gen_sasd.crossbar_sasd_0/gen_crossbar.addr_arbiter_i
   nst/m_amesg_i[65 : 0] on block system_axi4lite_0_wrapper is not
   reconstructed, because there are some missing bus signals.
WARNING:NetListWriters:306 - Signal bus
   axi4lite_0/crossbar_samd/gen_sasd.crossbar_sasd_0/gen_crossbar.addr_arbiter_i
   nst/s_amesg[65 : 0] on block system_axi4lite_0_wrapper is not reconstructed,
   because there are some missing bus signals.
  finished :Prep
Writing EDIF netlist file system_axi4lite_0_wrapper.edif ...
ngc2edif: Total memory usage is 64732 kilobytes

Release 14.7 - ngc2edif P.20131013 (nt)
Copyright (c) 1995-2013 Xilinx, Inc.  All rights reserved.
Reading design system_leds_8bits_wrapper.ngc ...
WARNING:NetListWriters:298 - No output is written to
   system_leds_8bits_wrapper.xncf, ignored.
Processing design ...
   Preping design's networks ...
   Preping design's macros ...
  finished :Prep
Writing EDIF netlist file system_leds_8bits_wrapper.edif ...
ngc2edif: Total memory usage is 64028 kilobytes

Release 14.7 - ngc2edif P.20131013 (nt)
Copyright (c) 1995-2013 Xilinx, Inc.  All rights reserved.
Reading design system_btns_5bits_wrapper.ngc ...
WARNING:NetListWriters:298 - No output is written to
   system_btns_5bits_wrapper.xncf, ignored.
Processing design ...
   Preping design's networks ...
   Preping design's macros ...
WARNING:NetListWriters:306 - Signal bus BTNs_5Bits/bus2ip_addr<6 : 0> on block
   system_btns_5bits_wrapper is not reconstructed, because there are some
   missing bus signals.
  finished :Prep
Writing EDIF netlist file system_btns_5bits_wrapper.edif ...
ngc2edif: Total memory usage is 63772 kilobytes

Release 14.7 - ngc2edif P.20131013 (nt)
Copyright (c) 1995-2013 Xilinx, Inc.  All rights reserved.
Reading design system_bit_counter_ip_0_wrapper.ngc ...
WARNING:NetListWriters:298 - No output is written to
   system_bit_counter_ip_0_wrapper.xncf, ignored.
Processing design ...
   Preping design's networks ...
   Preping design's macros ...
  finished :Prep
Writing EDIF netlist file system_bit_counter_ip_0_wrapper.edif ...
ngc2edif: Total memory usage is 63964 kilobytes

Release 14.7 - ngc2edif P.20131013 (nt)
Copyright (c) 1995-2013 Xilinx, Inc.  All rights reserved.
Reading design prconfig.ngc ...
WARNING:NetListWriters:298 - No output is written to prconfig.xncf, ignored.
Processing design ...
   Preping design's networks ...
   Preping design's macros ...
  finished :Prep
Writing EDIF netlist file prconfig.edif ...
ngc2edif: Total memory usage is 63132 kilobytes

